{
  "stats": {
    "suites": 1,
    "tests": 4,
    "passes": 4,
    "pending": 0,
    "failures": 0,
    "start": "2026-09-11T17:51:47.728Z",
    "end": "2026-09-11T17:51:48.782Z",
    "duration": 1054,
    "testsRegistered": 4,
    "passPercent": 100,
    "pendingPercent": 0,
    "other": 0,
    "hasOther": false,
    "skipped": 0,
    "hasSkipped": false
  },
  "results": [
    {
      "uuid": "4183a560-9a27-410b-ae1f-160c4488e818",
      "title": "",
      "fullFile": "cypress\\e2e\\api\\dogAPI.cy.js",
      "file": "cypress\\e2e\\api\\dogAPI.cy.js",
      "beforeHooks": [],
      "afterHooks": [],
      "tests": [],
      "suites": [
        {
          "uuid": "bc836022-0d4d-44c0-948c-88d2a68325bc",
          "title": "Dog API",
          "fullFile": "",
          "file": "",
          "beforeHooks": [],
          "afterHooks": [],
          "tests": [
            {
              "title": "deve retornar a lista de raças com sucesso",
              "fullTitle": "Dog API deve retornar a lista de raças com sucesso",
              "timedOut": null,
              "duration": 467,
              "state": "passed",
              "speed": "fast",
              "pass": true,
              "fail": false,
              "pending": false,
              "context": null,
              "code": "cy.request(\"GET\", `${apiUrl}/breeds/list/all`).then((response) => {\n  expect(response.status).to.eq(200);\n  expect(response.body.status).to.eq(\"success\");\n  expect(response.body.message).to.be.an(\"object\");\n});",
              "err": {},
              "uuid": "59eef46c-f83c-4fba-9031-8f0d5e765038",
              "parentUUID": "bc836022-0d4d-44c0-948c-88d2a68325bc",
              "isHook": false,
              "skipped": false
            },
            {
              "title": "deve retornar as imagens da raça labrador",
              "fullTitle": "Dog API deve retornar as imagens da raça labrador",
              "timedOut": null,
              "duration": 186,
              "state": "passed",
              "speed": "fast",
              "pass": true,
              "fail": false,
              "pending": false,
              "context": null,
              "code": "cy.request(\"GET\", `${apiUrl}/breed/labrador/images`).then((response) => {\n  expect(response.status).to.eq(200);\n  expect(response.body.status).to.eq(\"success\");\n  expect(response.body.message).to.be.an(\"array\");\n  expect(response.body.message).to.not.be.empty;\n});",
              "err": {},
              "uuid": "bdab48ee-4aca-4e0e-a7e9-85a80dec696b",
              "parentUUID": "bc836022-0d4d-44c0-948c-88d2a68325bc",
              "isHook": false,
              "skipped": false
            },
            {
              "title": "deve retornar uma imagem aleatória com sucesso",
              "fullTitle": "Dog API deve retornar uma imagem aleatória com sucesso",
              "timedOut": null,
              "duration": 183,
              "state": "passed",
              "speed": "fast",
              "pass": true,
              "fail": false,
              "pending": false,
              "context": null,
              "code": "cy.request(\"GET\", `${apiUrl}/breeds/image/random`).then((response) => {\n  expect(response.status).to.eq(200);\n  expect(response.body.status).to.eq(\"success\");\n  expect(response.body.message).to.be.a(\"string\");\n  expect(response.body.message).to.include(\"https://images.dog.ceo/\");\n});",
              "err": {},
              "uuid": "d00ef35c-7873-4433-9fe6-f040dd0ebbc1",
              "parentUUID": "bc836022-0d4d-44c0-948c-88d2a68325bc",
              "isHook": false,
              "skipped": false
            },
            {
              "title": "deve retornar erro ao buscar uma raça inexistente",
              "fullTitle": "Dog API deve retornar erro ao buscar uma raça inexistente",
              "timedOut": null,
              "duration": 183,
              "state": "passed",
              "speed": "fast",
              "pass": true,
              "fail": false,
              "pending": false,
              "context": null,
              "code": "cy.request({\n  method: \"GET\",\n  url: `${apiUrl}/breed/raca-inexistente/images`,\n  failOnStatusCode: false\n}).then((response) => {\n  expect(response.status).to.eq(404);\n  expect(response.body.status).to.eq(\"error\");\n  expect(response.body.message).to.exist;\n});",
              "err": {},
              "uuid": "d8ebb6d9-0d69-4335-bbd8-c09d0f6ad439",
              "parentUUID": "bc836022-0d4d-44c0-948c-88d2a68325bc",
              "isHook": false,
              "skipped": false
            }
          ],
          "suites": [],
          "passes": [
            "59eef46c-f83c-4fba-9031-8f0d5e765038",
            "bdab48ee-4aca-4e0e-a7e9-85a80dec696b",
            "d00ef35c-7873-4433-9fe6-f040dd0ebbc1",
            "d8ebb6d9-0d69-4335-bbd8-c09d0f6ad439"
          ],
          "failures": [],
          "pending": [],
          "skipped": [],
          "duration": 1019,
          "root": false,
          "rootEmpty": false,
          "_timeout": 2000
        }
      ],
      "passes": [],
      "failures": [],
      "pending": [],
      "skipped": [],
      "duration": 0,
      "root": true,
      "rootEmpty": true,
      "_timeout": 2000
    }
  ],
  "meta": {
    "mocha": {
      "version": "7.2.0"
    },
    "mochawesome": {
      "options": {
        "quiet": false,
        "reportFilename": "mochawesome",
        "saveHtml": true,
        "saveJson": true,
        "consoleReporter": "spec",
        "useInlineDiffs": false,
        "code": true
      },
      "version": "8.1.0"
    },
    "marge": {
      "options": {
        "reportDir": "cypress/reports",
        "overwrite": false,
        "html": true,
        "json": true
      },
      "version": "6.3.2"
    }
  }
}